2023-07-17 08:20:21 [background-preinit] INFO  o.h.validator.internal.util.Version - HV000001: Hibernate Validator 8.0.0.Final
2023-07-17 08:20:21 [main] INFO  c.e.a.AccountServiceApplication - Starting AccountServiceApplication using Java 17.0.7 with PID 4488 (C:\Users\abola\IdeaProjects\s1lkpay-test-task\AccountService\target\classes started by abola in C:\Users\abola\IdeaProjects\s1lkpay-test-task)
2023-07-17 08:20:21 [main] INFO  c.e.a.AccountServiceApplication - No active profile set, falling back to 1 default profile: "default"
2023-07-17 08:20:22 [main] INFO  o.s.d.r.c.RepositoryConfigurationDelegate - Bootstrapping Spring Data JPA repositories in DEFAULT mode.
2023-07-17 08:20:22 [main] INFO  o.s.d.r.c.RepositoryConfigurationDelegate - Finished Spring Data repository scanning in 42 ms. Found 1 JPA repository interfaces.
2023-07-17 08:20:22 [main] INFO  o.s.b.w.e.tomcat.TomcatWebServer - Tomcat initialized with port(s): 8081 (http)
2023-07-17 08:20:22 [main] INFO  o.a.coyote.http11.Http11NioProtocol - Initializing ProtocolHandler ["http-nio-8081"]
2023-07-17 08:20:22 [main] INFO  o.a.catalina.core.StandardService - Starting service [Tomcat]
2023-07-17 08:20:22 [main] INFO  o.a.catalina.core.StandardEngine - Starting Servlet engine: [Apache Tomcat/10.1.10]
2023-07-17 08:20:22 [main] INFO  o.a.c.c.C.[Tomcat].[localhost].[/] - Initializing Spring embedded WebApplicationContext
2023-07-17 08:20:22 [main] INFO  o.s.b.w.s.c.ServletWebServerApplicationContext - Root WebApplicationContext: initialization completed in 1017 ms
2023-07-17 08:20:22 [main] INFO  com.zaxxer.hikari.HikariDataSource - HikariPool-1 - Starting...
2023-07-17 08:20:22 [main] INFO  com.zaxxer.hikari.pool.HikariPool - HikariPool-1 - Added connection conn0: url=jdbc:h2:mem:testdb user=ROOT
2023-07-17 08:20:22 [main] INFO  com.zaxxer.hikari.HikariDataSource - HikariPool-1 - Start completed.
2023-07-17 08:20:22 [main] INFO  o.s.b.a.h.H2ConsoleAutoConfiguration - H2 console available at '/h2-console'. Database available at 'jdbc:h2:mem:testdb'
2023-07-17 08:20:22 [main] INFO  o.h.jpa.internal.util.LogHelper - HHH000204: Processing PersistenceUnitInfo [name: default]
2023-07-17 08:20:23 [main] INFO  org.hibernate.Version - HHH000412: Hibernate ORM core version 6.2.5.Final
2023-07-17 08:20:23 [main] INFO  org.hibernate.cfg.Environment - HHH000406: Using bytecode reflection optimizer
2023-07-17 08:20:23 [main] INFO  o.h.b.i.BytecodeProviderInitiator - HHH000021: Bytecode provider name : bytebuddy
2023-07-17 08:20:23 [main] INFO  o.s.o.j.p.SpringPersistenceUnitInfo - No LoadTimeWeaver setup: ignoring JPA class transformer
2023-07-17 08:20:23 [main] INFO  o.h.b.i.BytecodeProviderInitiator - HHH000021: Bytecode provider name : bytebuddy
2023-07-17 08:20:23 [main] INFO  o.h.e.t.j.p.i.JtaPlatformInitiator - HHH000490: Using JtaPlatform implementation: [org.hibernate.engine.transaction.jta.platform.internal.NoJtaPlatform]
2023-07-17 08:20:23 [main] INFO  o.s.o.j.LocalContainerEntityManagerFactoryBean - Initialized JPA EntityManagerFactory for persistence unit 'default'
2023-07-17 08:20:24 [main] WARN  o.s.b.a.o.j.JpaBaseConfiguration$JpaWebConfiguration - spring.jpa.open-in-view is enabled by default. Therefore, database queries may be performed during view rendering. Explicitly configure spring.jpa.open-in-view to disable this warning
2023-07-17 08:20:24 [main] INFO  o.a.coyote.http11.Http11NioProtocol - Starting ProtocolHandler ["http-nio-8081"]
2023-07-17 08:20:24 [main] INFO  o.s.b.w.e.tomcat.TomcatWebServer - Tomcat started on port(s): 8081 (http) with context path ''
2023-07-17 08:20:24 [main] INFO  c.e.a.AccountServiceApplication - Started AccountServiceApplication in 3.318 seconds (process running for 3.864)
2023-07-17 08:20:28 [main] INFO  c.e.a.AuthServiceApplication - Starting AuthServiceApplication using Java 17.0.7 with PID 21560 (C:\Users\abola\IdeaProjects\s1lkpay-test-task\AuthService\target\classes started by abola in C:\Users\abola\IdeaProjects\s1lkpay-test-task)
2023-07-17 08:20:28 [main] INFO  c.e.a.AuthServiceApplication - No active profile set, falling back to 1 default profile: "default"
2023-07-17 08:20:28 [main] INFO  o.s.d.r.c.RepositoryConfigurationDelegate - Bootstrapping Spring Data JPA repositories in DEFAULT mode.
2023-07-17 08:20:28 [main] INFO  o.s.d.r.c.RepositoryConfigurationDelegate - Finished Spring Data repository scanning in 38 ms. Found 1 JPA repository interfaces.
2023-07-17 08:20:29 [main] INFO  o.s.b.w.e.tomcat.TomcatWebServer - Tomcat initialized with port(s): 8080 (http)
2023-07-17 08:20:29 [main] INFO  o.a.coyote.http11.Http11NioProtocol - Initializing ProtocolHandler ["http-nio-8080"]
2023-07-17 08:20:29 [main] INFO  o.a.catalina.core.StandardService - Starting service [Tomcat]
2023-07-17 08:20:29 [main] INFO  o.a.catalina.core.StandardEngine - Starting Servlet engine: [Apache Tomcat/10.1.10]
2023-07-17 08:20:29 [main] INFO  o.a.c.c.C.[Tomcat].[localhost].[/] - Initializing Spring embedded WebApplicationContext
2023-07-17 08:20:29 [main] INFO  o.s.b.w.s.c.ServletWebServerApplicationContext - Root WebApplicationContext: initialization completed in 981 ms
2023-07-17 08:20:29 [main] INFO  com.zaxxer.hikari.HikariDataSource - HikariPool-1 - Starting...
2023-07-17 08:20:29 [main] INFO  com.zaxxer.hikari.pool.HikariPool - HikariPool-1 - Added connection conn0: url=jdbc:h2:mem:testdb user=ROOT
2023-07-17 08:20:29 [main] INFO  com.zaxxer.hikari.HikariDataSource - HikariPool-1 - Start completed.
2023-07-17 08:20:29 [main] INFO  o.s.b.a.h.H2ConsoleAutoConfiguration - H2 console available at '/h2-console'. Database available at 'jdbc:h2:mem:testdb'
2023-07-17 08:20:29 [main] INFO  o.h.jpa.internal.util.LogHelper - HHH000204: Processing PersistenceUnitInfo [name: default]
2023-07-17 08:20:29 [main] INFO  org.hibernate.Version - HHH000412: Hibernate ORM core version 6.2.5.Final
2023-07-17 08:20:29 [main] INFO  org.hibernate.cfg.Environment - HHH000406: Using bytecode reflection optimizer
2023-07-17 08:20:29 [main] INFO  o.h.b.i.BytecodeProviderInitiator - HHH000021: Bytecode provider name : bytebuddy
2023-07-17 08:20:29 [main] INFO  o.s.o.j.p.SpringPersistenceUnitInfo - No LoadTimeWeaver setup: ignoring JPA class transformer
2023-07-17 08:20:30 [main] INFO  o.h.b.i.BytecodeProviderInitiator - HHH000021: Bytecode provider name : bytebuddy
2023-07-17 08:20:30 [main] INFO  o.h.e.t.j.p.i.JtaPlatformInitiator - HHH000490: Using JtaPlatform implementation: [org.hibernate.engine.transaction.jta.platform.internal.NoJtaPlatform]
2023-07-17 08:20:30 [main] INFO  o.s.o.j.LocalContainerEntityManagerFactoryBean - Initialized JPA EntityManagerFactory for persistence unit 'default'
2023-07-17 08:20:30 [main] WARN  o.s.b.a.o.j.JpaBaseConfiguration$JpaWebConfiguration - spring.jpa.open-in-view is enabled by default. Therefore, database queries may be performed during view rendering. Explicitly configure spring.jpa.open-in-view to disable this warning
2023-07-17 08:20:31 [main] INFO  o.s.s.web.DefaultSecurityFilterChain - Will secure any request with [org.springframework.security.web.session.DisableEncodeUrlFilter@21202507, org.springframework.security.web.context.request.async.WebAsyncManagerIntegrationFilter@62878d7c, org.springframework.security.web.context.SecurityContextHolderFilter@53654b2d, org.springframework.security.web.header.HeaderWriterFilter@27bc2650, org.springframework.web.filter.CorsFilter@4379fe2a, org.springframework.security.web.authentication.logout.LogoutFilter@7bdf8c92, com.example.authservice.jwt.JwtAuthFilter@28d7bd6b, org.springframework.security.web.savedrequest.RequestCacheAwareFilter@33478a2f, org.springframework.security.web.servletapi.SecurityContextHolderAwareRequestFilter@24e31f06, org.springframework.security.web.authentication.AnonymousAuthenticationFilter@e0f2686, org.springframework.security.web.session.SessionManagementFilter@3cc5408c, org.springframework.security.web.access.ExceptionTranslationFilter@2fbd47b7, org.springframework.security.web.access.intercept.FilterSecurityInterceptor@329aa2d1]
2023-07-17 08:20:31 [main] INFO  o.a.coyote.http11.Http11NioProtocol - Starting ProtocolHandler ["http-nio-8080"]
2023-07-17 08:20:31 [main] INFO  o.s.b.w.e.tomcat.TomcatWebServer - Tomcat started on port(s): 8080 (http) with context path ''
2023-07-17 08:20:31 [main] INFO  c.e.a.AuthServiceApplication - Started AuthServiceApplication in 3.19 seconds (process running for 3.585)
2023-07-17 08:20:37 [http-nio-8080-exec-2] INFO  o.a.c.c.C.[Tomcat].[localhost].[/] - Initializing Spring DispatcherServlet 'dispatcherServlet'
2023-07-17 08:20:37 [http-nio-8080-exec-2] INFO  o.s.web.servlet.DispatcherServlet - Initializing Servlet 'dispatcherServlet'
2023-07-17 08:20:37 [http-nio-8080-exec-2] INFO  o.s.web.servlet.DispatcherServlet - Completed initialization in 1 ms
2023-07-17 08:20:54 [http-nio-8081-exec-1] INFO  o.a.c.c.C.[Tomcat].[localhost].[/] - Initializing Spring DispatcherServlet 'dispatcherServlet'
2023-07-17 08:20:54 [http-nio-8081-exec-1] INFO  o.s.web.servlet.DispatcherServlet - Initializing Servlet 'dispatcherServlet'
2023-07-17 08:20:54 [http-nio-8081-exec-1] INFO  o.s.web.servlet.DispatcherServlet - Completed initialization in 1 ms
2023-07-17 08:20:54 [http-nio-8080-exec-4] INFO  c.example.authservice.jwt.JwtService - Validation JWT for user with username: adilet
2023-07-17 08:20:54 [http-nio-8081-exec-1] INFO  c.e.a.controller.AccountController - Client with id: 1 created an account successfully.
2023-07-17 08:21:00 [SpringApplicationShutdownHook] INFO  o.s.o.j.LocalContainerEntityManagerFactoryBean - Closing JPA EntityManagerFactory for persistence unit 'default'
2023-07-17 08:21:00 [SpringApplicationShutdownHook] INFO  o.s.o.j.LocalContainerEntityManagerFactoryBean - Closing JPA EntityManagerFactory for persistence unit 'default'
2023-07-17 08:21:00 [SpringApplicationShutdownHook] INFO  com.zaxxer.hikari.HikariDataSource - HikariPool-1 - Shutdown initiated...
2023-07-17 08:21:00 [SpringApplicationShutdownHook] INFO  com.zaxxer.hikari.HikariDataSource - HikariPool-1 - Shutdown completed.
2023-07-17 08:21:00 [SpringApplicationShutdownHook] INFO  com.zaxxer.hikari.HikariDataSource - HikariPool-1 - Shutdown initiated...
2023-07-17 08:21:00 [SpringApplicationShutdownHook] INFO  com.zaxxer.hikari.HikariDataSource - HikariPool-1 - Shutdown completed.
